2023-03-16 09:23:04,603  INFO [main] Mahesh123:56 - browser is opened
2023-03-16 09:23:09,818  INFO [main] Mahesh123:64 - URL is opened
2023-03-16 09:23:09,933  INFO [main] Mahesh123:68 - browser is maximized
2023-03-16 09:23:09,934  INFO [main] Mahesh123:71 - wait applied
2023-03-16 09:23:10,242  INFO [main] Mahesh123:17 - verification applied
2023-03-16 09:23:10,426  INFO [main] Mahesh123:26 - screenshot taken
2023-03-16 09:23:13,338  INFO [main] Mahesh123:56 - browser is opened
2023-03-16 09:23:19,960  INFO [main] Mahesh123:64 - URL is opened
2023-03-16 09:23:20,095  INFO [main] Mahesh123:68 - browser is maximized
2023-03-16 09:23:20,096  INFO [main] Mahesh123:71 - wait applied
2023-03-16 09:23:20,410  INFO [main] Mahesh123:26 - clicked on bag pro.
2023-03-16 09:23:20,458  INFO [main] Mahesh123:28 - clicked on add to cart btn.
2023-03-16 09:23:20,538  INFO [main] Mahesh123:34 - Apply verification
2023-03-16 09:23:20,935  INFO [main] Mahesh123:40 - Screenshot taken
2023-03-16 09:23:23,708  INFO [main] Mahesh123:56 - browser is opened
2023-03-16 09:23:28,319  INFO [main] Mahesh123:64 - URL is opened
2023-03-16 09:23:28,431  INFO [main] Mahesh123:68 - browser is maximized
2023-03-16 09:23:28,431  INFO [main] Mahesh123:71 - wait applied
2023-03-16 09:23:28,678  INFO [main] Mahesh123:19 - Verification applied
2023-03-16 09:23:28,833  INFO [main] Mahesh123:28 - Screenshot taken
2023-03-16 09:23:31,652  INFO [main] Mahesh123:56 - browser is opened
2023-03-16 09:23:35,940  INFO [main] Mahesh123:64 - URL is opened
2023-03-16 09:23:36,066  INFO [main] Mahesh123:68 - browser is maximized
2023-03-16 09:23:36,066  INFO [main] Mahesh123:71 - wait applied
2023-03-16 09:23:36,626  INFO [main] Mahesh123:23 - Verification applied
2023-03-16 09:23:36,841  INFO [main] Mahesh123:28 - Screenshot taken
